Вс 22 янв 2023 15:38:47 +07
Вс 22 янв 2023 15:38:52 +07
Вс 22 янв 2023 15:38:57 +07
Вс 22 янв 2023 15:39:02 +07
Вс 22 янв 2023 15:39:07 +07
Вс 22 янв 2023 15:39:12 +07
Вс 22 янв 2023 15:39:17 +07
Вс 22 янв 2023 15:39:22 +07
Вс 22 янв 2023 15:39:27 +07
Вс 22 янв 2023 15:39:32 +07
Вс 22 янв 2023 15:39:38 +07
Вс 22 янв 2023 15:39:43 +07
Вс 22 янв 2023 15:39:48 +07
Вс 22 янв 2023 15:39:53 +07
Вс 22 янв 2023 15:39:58 +07
Вс 22 янв 2023 15:41:05 +07
Вс 22 янв 2023 15:41:13 +07
Вс 22 янв 2023 15:41:18 +07
Вс 22 янв 2023 15:41:23 +07
Вс 22 янв 2023 15:41:29 +07
Вс 22 янв 2023 15:41:34 +07
Вс 22 янв 2023 15:41:39 +07
Вс 22 янв 2023 15:41:44 +07
Вс 22 янв 2023 15:41:49 +07
Вс 22 янв 2023 15:41:54 +07
Вс 22 янв 2023 15:41:59 +07
Вс 22 янв 2023 15:42:04 +07
Вс 22 янв 2023 15:42:09 +07
Вс 22 янв 2023 15:42:14 +07
Вс 22 янв 2023 15:42:19 +07
Вс 22 янв 2023 15:42:24 +07
Вс 22 янв 2023 15:42:29 +07
Вс 22 янв 2023 15:42:34 +07
Вс 22 янв 2023 15:42:40 +07
Вс 22 янв 2023 15:42:45 +07
Вс 22 янв 2023 15:42:50 +07
Вс 22 янв 2023 15:42:55 +07
Вс 22 янв 2023 15:43:00 +07
Вс 22 янв 2023 17:39:15 +07
Вс 22 янв 2023 17:39:20 +07
Вс 22 янв 2023 17:39:25 +07
Вс 22 янв 2023 17:39:30 +07
Вс 22 янв 2023 17:39:35 +07
Вс 22 янв 2023 17:39:40 +07
Вс 22 янв 2023 17:39:45 +07
Вс 22 янв 2023 17:39:50 +07
Вс 22 янв 2023 17:39:55 +07
Вс 22 янв 2023 17:40:01 +07
Вс 22 янв 2023 17:40:06 +07
Вс 22 янв 2023 17:40:11 +07
Вс 22 янв 2023 17:40:16 +07
Вс 22 янв 2023 17:40:21 +07
Вс 22 янв 2023 17:40:26 +07
Вс 22 янв 2023 17:40:31 +07
Вс 22 янв 2023 17:40:36 +07
Вс 22 янв 2023 17:40:41 +07
Вс 22 янв 2023 17:40:46 +07
Вс 22 янв 2023 17:40:51 +07
Вс 22 янв 2023 17:40:56 +07
Вс 22 янв 2023 17:41:01 +07
Вс 22 янв 2023 17:41:06 +07
Вс 22 янв 2023 17:41:12 +07
